<?xml version="1.0" encoding="UTF-8"?>
<!-- Generated by org.testng.reporters.JUnitReportReporter -->
<testsuite hostname="DESKTOP-IM1AC0O" failures="0" tests="1" name="sel.Test123" time="0.009" errors="0" timestamp="14 Sep 2021 07:20:02 GMT">
  <testcase classname="sel.Test123" name="test" time="0.009"/>
</testsuite> <!-- sel.Test123 -->
