<?xml version="1.0" encoding="UTF-8"?>
<!-- Generated by org.testng.reporters.JUnitReportReporter -->
<testsuite hostname="DESKTOP-IM1AC0O" failures="0" tests="1" name="sel.Test321" time="0.000" errors="0" timestamp="14 Sep 2021 07:20:02 GMT">
  <testcase classname="sel.Test321" name="test" time="0.000"/>
</testsuite> <!-- sel.Test321 -->
